Using pre-set license
Built from '2022.1/staging' branch; Version is '2022.1.11f1 (09bebd6e9324) revision 638653'; Using compiler version '192829333'; Build Type 'Release'
OS: 'Windows 10  (10.0.19044) 64bit Professional' Language: 'en' Physical Memory: 15789 MB
BatchMode: 1, IsHumanControllingUs: 0, StartBugReporterOnCrash: 0, Is64bit: 1, IsPro: 1

COMMAND LINE ARGUMENTS:
C:\Program Files\Unity\Hub\Editor\2022.1.11f1\Editor\Unity.exe
-adb2
-batchMode
-noUpm
-name
AssetImportWorker2
-projectPath
C:/Users/mert_/Downloads/ZurkShip-master
-logFile
Logs/AssetImportWorker2.log
-srvPort
63655
Successfully changed project path to: C:/Users/mert_/Downloads/ZurkShip-master
C:/Users/mert_/Downloads/ZurkShip-master
[UnityMemory] Configuration Parameters - Can be set up in boot.config
    "memorysetup-bucket-allocator-granularity=16"
    "memorysetup-bucket-allocator-bucket-count=8"
    "memorysetup-bucket-allocator-block-size=33554432"
    "memorysetup-bucket-allocator-block-count=8"
    "memorysetup-main-allocator-block-size=16777216"
    "memorysetup-thread-allocator-block-size=16777216"
    "memorysetup-gfx-main-allocator-block-size=16777216"
    "memorysetup-gfx-thread-allocator-block-size=16777216"
    "memorysetup-cache-allocator-block-size=4194304"
    "memorysetup-typetree-allocator-block-size=2097152"
    "memorysetup-profiler-bucket-allocator-granularity=16"
    "memorysetup-profiler-bucket-allocator-bucket-count=8"
    "memorysetup-profiler-bucket-allocator-block-size=33554432"
    "memorysetup-profiler-bucket-allocator-block-count=8"
    "memorysetup-profiler-allocator-block-size=16777216"
    "memorysetup-profiler-editor-allocator-block-size=1048576"
    "memorysetup-temp-allocator-size-main=16777216"
    "memorysetup-job-temp-allocator-block-size=2097152"
    "memorysetup-job-temp-allocator-block-size-background=1048576"
    "memorysetup-job-temp-allocator-reduction-small-platforms=262144"
    "memorysetup-temp-allocator-size-background-worker=32768"
    "memorysetup-temp-allocator-size-job-worker=262144"
    "memorysetup-temp-allocator-size-preload-manager=33554432"
    "memorysetup-temp-allocator-size-nav-mesh-worker=65536"
    "memorysetup-temp-allocator-size-audio-worker=65536"
    "memorysetup-temp-allocator-size-cloud-worker=32768"
    "memorysetup-temp-allocator-size-gi-baking-worker=262144"
    "memorysetup-temp-allocator-size-gfx=262144"
Refreshing native plugins compatible for Editor in 93.98 ms, found 3 plugins.
Preloading 0 native plugins for Editor in 0.00 ms.
Initialize engine version: 2022.1.11f1 (09bebd6e9324)
[Subsystems] Discovering subsystems at path C:/Program Files/Unity/Hub/Editor/2022.1.11f1/Editor/Data/Resources/UnitySubsystems
[Subsystems] Discovering subsystems at path C:/Users/mert_/Downloads/ZurkShip-master/Assets
GfxDevice: creating device client; threaded=0; jobified=0
Direct3D:
    Version:  Direct3D 11.0 [level 11.1]
    Renderer: NVIDIA GeForce GTX 1660 Ti (ID=0x2191)
    Vendor:   NVIDIA
    VRAM:     5991 MB
    Driver:   31.0.15.1659
Initialize mono
Mono path[0] = 'C:/Program Files/Unity/Hub/Editor/2022.1.11f1/Editor/Data/Managed'
Mono path[1] = 'C:/Program Files/Unity/Hub/Editor/2022.1.11f1/Editor/Data/MonoBleedingEdge/lib/mono/unityjit-win32'
Mono config path = 'C:/Program Files/Unity/Hub/Editor/2022.1.11f1/Editor/Data/MonoBleedingEdge/etc'
Using monoOptions --debugger-agent=transport=dt_socket,embedding=1,server=y,suspend=n,address=127.0.0.1:56404
Begin MonoManager ReloadAssembly
Registering precompiled unity dll's ...
Register platform support module: C:/Program Files/Unity/Hub/Editor/2022.1.11f1/Editor/Data/PlaybackEngines/WindowsStandaloneSupport/UnityEditor.WindowsStandalone.Extensions.dll
Registered in 0.007999 seconds.
Native extension for WindowsStandalone target not found
Refreshing native plugins compatible for Editor in 93.01 ms, found 3 plugins.
Preloading 0 native plugins for Editor in 0.00 ms.
Mono: successfully reloaded assembly
- Completed reload, in  0.726 seconds
Domain Reload Profiling:
	ReloadAssembly (727ms)
		BeginReloadAssembly (89ms)
			ExecutionOrderSort (0ms)
			DisableScriptedObjects (0ms)
			BackupInstance (0ms)
			ReleaseScriptingObjects (0ms)
			CreateAndSetChildDomain (1ms)
		EndReloadAssembly (517ms)
			LoadAssemblies (87ms)
			RebuildTransferFunctionScriptingTraits (0ms)
			SetupTypeCache (113ms)
				TypeCache.Initialize (113ms)
					TypeCache.ScanAssembly (111ms)
				ResolveRequiredComponents (1ms)
			ReleaseScriptCaches (0ms)
			RebuildScriptCaches (31ms)
			SetupLoadedEditorAssemblies (315ms)
				LogAssemblyErrors (0ms)
				InitializePlatformSupportModulesInManaged (9ms)
				SetLoadedEditorAssemblies (7ms)
				RefreshPlugins (93ms)
				BeforeProcessingInitializeOnLoad (1ms)
				ProcessInitializeOnLoadAttributes (157ms)
				ProcessInitializeOnLoadMethodAttributes (47ms)
				AfterProcessingInitializeOnLoad (0ms)
				EditorAssembliesLoaded (0ms)
			ExecutionOrderSort2 (0ms)
			AwakeInstancesAfterBackupRestoration (0ms)
Platform modules already initialized, skipping
Registering precompiled user dll's ...
Registered in 0.006941 seconds.
Begin MonoManager ReloadAssembly
Native extension for WindowsStandalone target not found
Refreshing native plugins compatible for Editor in 0.80 ms, found 3 plugins.
Preloading 0 native plugins for Editor in 0.00 ms.
Mono: successfully reloaded assembly
- Completed reload, in  1.150 seconds
Domain Reload Profiling:
	ReloadAssembly (1151ms)
		BeginReloadAssembly (122ms)
			ExecutionOrderSort (0ms)
			DisableScriptedObjects (5ms)
			BackupInstance (0ms)
			ReleaseScriptingObjects (0ms)
			CreateAndSetChildDomain (19ms)
		EndReloadAssembly (870ms)
			LoadAssemblies (118ms)
			RebuildTransferFunctionScriptingTraits (0ms)
			SetupTypeCache (264ms)
				TypeCache.Initialize (260ms)
					TypeCache.ScanAssembly (256ms)
				ResolveRequiredComponents (4ms)
			ReleaseScriptCaches (1ms)
			RebuildScriptCaches (60ms)
			SetupLoadedEditorAssemblies (385ms)
				LogAssemblyErrors (0ms)
				InitializePlatformSupportModulesInManaged (7ms)
				SetLoadedEditorAssemblies (9ms)
				RefreshPlugins (1ms)
				BeforeProcessingInitializeOnLoad (98ms)
				ProcessInitializeOnLoadAttributes (233ms)
				ProcessInitializeOnLoadMethodAttributes (29ms)
				AfterProcessingInitializeOnLoad (9ms)
				EditorAssembliesLoaded (0ms)
			ExecutionOrderSort2 (0ms)
			AwakeInstancesAfterBackupRestoration (6ms)
Platform modules already initialized, skipping
========================================================================
Worker process is ready to serve import requests
Launched and connected shader compiler UnityShaderCompiler.exe after 0.05 seconds
Refreshing native plugins compatible for Editor in 0.66 ms, found 3 plugins.
Preloading 0 native plugins for Editor in 0.00 ms.
Unloading 3405 Unused Serialized files (Serialized files now loaded: 0)
Unloading 26 unused Assets / (57.9 KB). Loaded Objects now: 3872.
Memory consumption went from 0.58 GB to 0.58 GB.
Total: 3.475500 ms (FindLiveObjects: 0.288900 ms CreateObjectMapping: 0.081800 ms MarkObjects: 3.009300 ms  DeleteObjects: 0.094300 ms)

AssetImportParameters requested are different than current active one (requested -> active):
  custom:video-decoder-ogg-theora: a1e56fd34408186e4bbccfd4996cb3dc -> 
  custom:container-muxer-webm: aa71ff27fc2769a1b78a27578f13a17b -> 
  custom:container-demuxer-webm: 4f35f7cbe854078d1ac9338744f61a02 -> 
  custom:video-encoder-webm-vp8: eb34c28f22e8b96e1ab97ce403110664 -> 
  custom:audio-encoder-webm-vorbis: bf7c407c2cedff20999df2af8eb42d56 -> 
  custom:framework-win-MediaFoundation: 216162199b28c13a410421893ffa2e32 -> 
  custom:container-demuxer-ogg: 62fdf1f143b41e24485cea50d1cbac27 -> 
  custom:video-decoder-webm-vp8: 9c59270c3fd7afecdb556c50c9e8de78 -> 
  custom:audio-decoder-ogg-vorbis: bf7c407c2cedff20999df2af8eb42d56 -> 
========================================================================
Received Import Request.
  Time since last request: 18926.782401 seconds.
  path: Assets/HQ Hangar Free/Materials/Concret_floor_wet.mat
  artifactKey: Guid(be21f5838915e1041896868ceeffc3c5) Importer(815301076,1909f56bfc062723c751e8b465ee728b)
Start importing Assets/HQ Hangar Free/Materials/Concret_floor_wet.mat using Guid(be21f5838915e1041896868ceeffc3c5) Importer(815301076,1909f56bfc062723c751e8b465ee728b)  -> (artifact id: 'ec632ebf3388302ab1ff514aef552ed5') in 0.199938 seconds 
========================================================================
Received Import Request.
  Time since last request: 0.843206 seconds.
  path: Assets/HQ Hangar Free/Scene/HDRPHighQuality.asset
  artifactKey: Guid(36dd385e759c96147b6463dcd1149c11) Importer(815301076,1909f56bfc062723c751e8b465ee728b)
Start importing Assets/HQ Hangar Free/Scene/HDRPHighQuality.asset using Guid(36dd385e759c96147b6463dcd1149c11) Importer(815301076,1909f56bfc062723c751e8b465ee728b)  -> (artifact id: '76b155c1e424c2ea4d28cdebad5d3b31') in 0.012968 seconds 
========================================================================
Received Import Request.
  Time since last request: 17.883922 seconds.
  path: Assets/HQ Hangar Free/Textures/Metals_trim
  artifactKey: Guid(032655b1de6305b49b067a07f51607ad) Importer(815301076,1909f56bfc062723c751e8b465ee728b)
Start importing Assets/HQ Hangar Free/Textures/Metals_trim using Guid(032655b1de6305b49b067a07f51607ad) Importer(815301076,1909f56bfc062723c751e8b465ee728b)  -> (artifact id: '291a2216e20dd04d846f7c025e4437b7') in 0.004724 seconds 
========================================================================
Received Import Request.
  Time since last request: 0.096918 seconds.
  path: Assets/HQ Hangar Free/Textures/Metals_trim/Metals_trim_Metals_trim_BaseMap.png
  artifactKey: Guid(a56baf2c4938da94184fff358d409002) Importer(815301076,1909f56bfc062723c751e8b465ee728b)
Start importing Assets/HQ Hangar Free/Textures/Metals_trim/Metals_trim_Metals_trim_BaseMap.png using Guid(a56baf2c4938da94184fff358d409002) Importer(815301076,1909f56bfc062723c751e8b465ee728b)  -> (artifact id: '741ebc638cf38ff287f1cd19e978ba49') in 0.078291 seconds 
========================================================================
Received Import Request.
  Time since last request: 4.861128 seconds.
  path: Assets/HQ Hangar Free/Textures
  artifactKey: Guid(b7f18d3896c99bf4c84f36f1279b337c) Importer(815301076,1909f56bfc062723c751e8b465ee728b)
Start importing Assets/HQ Hangar Free/Textures using Guid(b7f18d3896c99bf4c84f36f1279b337c) Importer(815301076,1909f56bfc062723c751e8b465ee728b)  -> (artifact id: '3147240252ebf532bd24567c801bf478') in 0.008729 seconds 
========================================================================
Received Import Request.
  Time since last request: 0.845729 seconds.
  path: Assets/HQ Hangar Free/Materials
  artifactKey: Guid(f3b1d4c4b0f987241b475abfca5c55f9) Importer(815301076,1909f56bfc062723c751e8b465ee728b)
Start importing Assets/HQ Hangar Free/Materials using Guid(f3b1d4c4b0f987241b475abfca5c55f9) Importer(815301076,1909f56bfc062723c751e8b465ee728b)  -> (artifact id: '3a9dc8bfff1c9d13c3d239eb16009911') in 0.002865 seconds 
========================================================================
Received Import Request.
  Time since last request: 0.538547 seconds.
  path: Assets/HQ Hangar Free/Models
  artifactKey: Guid(cb067e1f7d2f6a64fa9339b83bc1efc5) Importer(815301076,1909f56bfc062723c751e8b465ee728b)
Start importing Assets/HQ Hangar Free/Models using Guid(cb067e1f7d2f6a64fa9339b83bc1efc5) Importer(815301076,1909f56bfc062723c751e8b465ee728b)  -> (artifact id: 'c9796d8f79bdc5ce3871a91cc28305d8') in 0.007670 seconds 
